<?xml version="1.0" encoding="UTF-8"?>
<!-- Generated by org.testng.reporters.JUnitReportReporter -->
<testsuite hostname="LAPTOP-U8AP5PBI" failures="0" tests="1" name="TestCases.CoursesTestcase" time="5.155" errors="0" timestamp="2024-07-28T17:55:04 EDT" skipped="0">
  <testcase classname="TestCases.CoursesTestcase" name="Courses" time="5.155"/>
</testsuite> <!-- TestCases.CoursesTestcase -->
