<?xml version="1.0" encoding="UTF-8"?>
<!-- Generated by org.testng.reporters.JUnitReportReporter -->
<testsuite hostname="LAPTOP-U8AP5PBI" failures="0" tests="1" name="TestCases.LogoutTestcase" time="1.658" errors="0" timestamp="2024-07-28T17:55:04 EDT" skipped="0">
  <testcase classname="TestCases.LogoutTestcase" name="LogoutPage" time="1.658"/>
</testsuite> <!-- TestCases.LogoutTestcase -->
